14.03.2023 18:54:32	Этот журнал содержит сведения об операции импорта схемы в проект "lab3" на компьютере "VICTORY", выполненной пользователем "VICTORY".
14.03.2023 18:54:35	Импорт схемы базы данных начат.
14.03.2023 18:54:52	Идет сбор учетных данных для базы данных
14.03.2023 18:54:52	Идет сбор параметров базы данных
14.03.2023 18:54:53	Собирается параметр конфигурации области универсальной базы данных
14.03.2023 18:54:53	Идет сбор пользователей
14.03.2023 18:54:53	Идет сбор ролей
14.03.2023 18:54:53	Идет сбор ролей приложений
14.03.2023 18:54:53	Идет сбор членств ролей
14.03.2023 18:54:53	Идет сбор файловых групп
14.03.2023 18:54:53	Идет сбор полнотекстовых каталогов
14.03.2023 18:54:53	Идет сбор сборок
14.03.2023 18:54:53	Идет сбор сертификатов
14.03.2023 18:54:53	Идет сбор асимметричных ключей
14.03.2023 18:54:53	Идет сбор симметричных ключей
14.03.2023 18:54:53	Идет сбор зашифрованных симметричных ключей
14.03.2023 18:54:53	Идет сбор схем
14.03.2023 18:54:53	Идет сбор коллекции схем XML
14.03.2023 18:54:53	Идет сбор определяемых пользователем типов данных
14.03.2023 18:54:53	Идет сбор определяемых пользователем типов
14.03.2023 18:54:53	Идет сбор табличных типов
14.03.2023 18:54:53	Сбор уникальных ключей для табличных типов
14.03.2023 18:54:53	Идет сбор первичных ключей для табличных типов
14.03.2023 18:54:53	Сбор индексов для табличных типов
14.03.2023 18:54:53	Идет сбор проверочных ограничений для табличных типов
14.03.2023 18:54:53	Идет сбор ограничений по умолчанию для табличных типов
14.03.2023 18:54:53	Идет сбор функций секционирования
14.03.2023 18:54:53	Идет сбор схем секционирования
14.03.2023 18:54:53	Идет сбор функций
14.03.2023 18:54:54	Сбор зашифрованных функций
14.03.2023 18:54:54	Идет сбор статистических выражений
14.03.2023 18:54:54	Идет сбор процедур
14.03.2023 18:54:54	Сбор зашифрованных процедур
14.03.2023 18:54:54	Идет сбор таблиц
14.03.2023 18:54:54	Идет сбор первичных ключей
14.03.2023 18:54:54	Идет сбор ограничений уникальности
14.03.2023 18:54:54	Идет сбор внешних ключей
14.03.2023 18:54:54	Идет сбор ограничений по умолчанию
14.03.2023 18:54:54	Идет сбор проверочных ограничений
14.03.2023 18:54:54	Идет сбор представлений
14.03.2023 18:54:54	Сбор зашифрованных представлений
14.03.2023 18:54:54	Идет сбор индексов
14.03.2023 18:54:54	Идет сбор статистики
14.03.2023 18:54:54	Идет сбор списков стоп-слов полнотекстовых индексов
14.03.2023 18:54:54	Сбор списков свойств поиска
14.03.2023 18:54:54	Сбор свойств поиска
14.03.2023 18:54:54	Идет сбор полнотекстовых индексов
14.03.2023 18:54:54	Сбор индексов хранилища столбцов
14.03.2023 18:54:54	Идет сбор пространственных индексов
14.03.2023 18:54:55	Идет сбор XML-индексов
14.03.2023 18:54:55	Сбор селективных XML-индексов
14.03.2023 18:54:55	Сбор зашифрованных триггеров
14.03.2023 18:54:55	Идет сбор триггеров
14.03.2023 18:54:55	Идет сбор зашифрованных триггеров и триггеров ddl clr
14.03.2023 18:54:55	Идет сбор триггеров ddl
14.03.2023 18:54:55	Создание ограничений границы
14.03.2023 18:54:55	Идет сбор синонимов
14.03.2023 18:54:55	Идет сбор значений по умолчанию
14.03.2023 18:54:55	Идет сбор привязок uddt ограничений данных
14.03.2023 18:54:55	Идет сбор правил
14.03.2023 18:54:55	Идет сбор привязок uddt ограничений данных
14.03.2023 18:54:55	Идет сбор типов сообщений
14.03.2023 18:54:55	Идет сбор списков ожидания
14.03.2023 18:54:55	Идет сбор контрактов
14.03.2023 18:54:55	Идет сбор служб
14.03.2023 18:54:55	Идет сбор уведомлений о событиях
14.03.2023 18:54:55	Идет сбор привязок удаленных служб
14.03.2023 18:54:55	Идет сбор приоритетов брокера
14.03.2023 18:54:55	Идет сбор подписей
14.03.2023 18:54:55	Идет сбор параметров сжатия данных
14.03.2023 18:54:55	Сбор типов последовательностей
14.03.2023 18:54:55	Идет сбор политик безопасности
14.03.2023 18:54:55	Сбор ключей шифрования столбцов
14.03.2023 18:54:55	Сбор главных ключей столбцов
14.03.2023 18:54:55	Выполняется сбор внешних источников данных
14.03.2023 18:54:55	Выполняется сбор внешних форматов файлов
14.03.2023 18:54:55	Выполняется сбор внешних таблиц
14.03.2023 18:54:55	Идет сбор расширенных свойств
14.03.2023 18:54:55	Идет сбор сборок
14.03.2023 18:54:55	Идет сбор учетных данных
14.03.2023 18:54:55	Идет сбор имен входа
14.03.2023 18:54:55	Идет сбор аудитов сервера
14.03.2023 18:54:58	Выполняется проверка проекта на наличие повторяющихся элементов
14.03.2023 18:55:00	Обработка повторяющегося элемента завершена
14.03.2023 18:55:07	Импорт базы данных завершен.
14.03.2023 18:55:07	summary операции импорта была сохранена по следующему пути: D:\3 kurs 2 sem\BD\lab3\lab3\Журналы импорта схем\lab3_20230314035432.log
14.03.2023 18:55:07	Для продолжения нажмите кнопку ''Готово''...
